<?xml version="1.0" encoding="UTF-8"?>
<!-- Generated by org.testng.reporters.JUnitReportReporter -->
<testsuite hostname="DESKTOP-IQA8B31" failures="0" tests="1" name="practiceCRUDwithoutBDD.CreateProject" time="6.358" errors="0" timestamp="2022-02-10T10:56:55 IST" skipped="0">
  <testcase classname="practiceCRUDwithoutBDD.CreateProject" name="createproject" time="6.358"/>
  <system-out/>
</testsuite> <!-- practiceCRUDwithoutBDD.CreateProject -->
