<?xml version="1.0" encoding="UTF-8"?>
<!-- Generated by org.testng.reporters.JUnitReportReporter -->
<testsuite hostname="DESKTOP-IQA8B31" failures="0" tests="1" name="practiceCRUDwithBDD.CreateAResource" time="7.558" errors="0" timestamp="2022-02-10T12:27:19 IST" skipped="0">
  <testcase classname="practiceCRUDwithBDD.CreateAResource" name="create" time="7.558"/>
  <system-out/>
</testsuite> <!-- practiceCRUDwithBDD.CreateAResource -->
