<?xml version="1.0" encoding="UTF-8"?>
<!-- Generated by org.testng.reporters.JUnitReportReporter -->
<testsuite hostname="DESKTOP-IQA8B31" failures="0" tests="1" name="com.authentication.BasicAuthTest" time="7.382" errors="0" timestamp="2022-02-11T16:11:52 IST" skipped="0">
  <testcase classname="com.authentication.BasicAuthTest" name="basicauth" time="7.382"/>
  <system-out/>
</testsuite> <!-- com.authentication.BasicAuthTest -->
