<?xml version="1.0" encoding="UTF-8"?>
<!-- Generated by org.testng.reporters.JUnitReportReporter -->
<testsuite hostname="DESKTOP-IQA8B31" failures="0" tests="1" name="practiceCRUDwithBDD.UpdateResource" time="8.403" errors="0" timestamp="2022-02-10T12:34:24 IST" skipped="0">
  <testcase classname="practiceCRUDwithBDD.UpdateResource" name="update" time="8.403"/>
  <system-out/>
</testsuite> <!-- practiceCRUDwithBDD.UpdateResource -->
