<?xml version="1.0" encoding="UTF-8"?>
<!-- Generated by org.testng.reporters.JUnitReportReporter -->
<testsuite hostname="DESKTOP-IQA8B31" failures="0" tests="1" name="Responseverification.VerifyResponseTimeUsingHamcrestTest" time="3.505" errors="0" timestamp="2022-02-11T06:52:08 IST" skipped="0">
  <testcase classname="Responseverification.VerifyResponseTimeUsingHamcrestTest" name="verify" time="3.505"/>
  <system-out/>
</testsuite> <!-- Responseverification.VerifyResponseTimeUsingHamcrestTest -->
