<?xml version="1.0" encoding="UTF-8"?>
<!-- Generated by org.testng.reporters.JUnitReportReporter -->
<testsuite hostname="DESKTOP-IQA8B31" failures="0" tests="1" name="practiceCRUDwithBDD.Checking_Deleteit" time="4.452" errors="0" timestamp="2022-02-10T19:44:25 IST" skipped="0">
  <testcase classname="practiceCRUDwithBDD.Checking_Deleteit" name="create" time="4.452"/>
  <system-out/>
</testsuite> <!-- practiceCRUDwithBDD.Checking_Deleteit -->
