<?xml version="1.0" encoding="UTF-8"?>
<!-- Generated by org.testng.reporters.JUnitReportReporter -->
<testsuite hostname="DESKTOP-IQA8B31" failures="0" tests="1" name="com.paramaters.PathParameterTest" time="6.104" errors="0" timestamp="2022-02-11T13:18:39 IST" skipped="0">
  <testcase classname="com.paramaters.PathParameterTest" name="pathparameter" time="6.104"/>
  <system-out/>
</testsuite> <!-- com.paramaters.PathParameterTest -->
