<?xml version="1.0" encoding="UTF-8"?>
<!-- Generated by org.testng.reporters.JUnitReportReporter -->
<testsuite hostname="DESKTOP-IQA8B31" failures="0" tests="1" name="com.RMGYantraTest.CreateResourceAndVerifyInDatabase" time="21.571" errors="0" timestamp="2022-02-13T09:01:57 IST" skipped="0">
  <testcase classname="com.RMGYantraTest.CreateResourceAndVerifyInDatabase" name="createResourceAndVerifyInDb" time="21.571"/>
  <system-out>
    <![CDATA[TY_PROJ_1402
data verification successful]]>
  </system-out>
</testsuite> <!-- com.RMGYantraTest.CreateResourceAndVerifyInDatabase -->
