<?xml version="1.0" encoding="UTF-8"?>
<!-- Generated by org.testng.reporters.JUnitReportReporter -->
<testsuite hostname="DESKTOP-IQA8B31" failures="0" tests="1" name="practiceCRUDwithoutBDD.GetAllProject" time="16.946" errors="0" timestamp="2022-02-10T10:22:25 IST" skipped="0">
  <testcase classname="practiceCRUDwithoutBDD.GetAllProject" name="getAllprojects" time="16.946"/>
  <system-out/>
</testsuite> <!-- practiceCRUDwithoutBDD.GetAllProject -->
