<?xml version="1.0" encoding="UTF-8"?>
<!-- Generated by org.testng.reporters.JUnitReportReporter -->
<testsuite hostname="DESKTOP-IQA8B31" failures="0" tests="1" name="Assignment.AddSingleProjectWithCreatedStatus" time="4.205" errors="0" timestamp="2022-02-10T22:18:36 IST" skipped="0">
  <testcase classname="Assignment.AddSingleProjectWithCreatedStatus" name="createproject" time="4.205"/>
  <system-out/>
</testsuite> <!-- Assignment.AddSingleProjectWithCreatedStatus -->
