<?xml version="1.0" encoding="UTF-8"?>
<!-- Generated by org.testng.reporters.JUnitReportReporter -->
<testsuite hostname="DESKTOP-IQA8B31" failures="0" tests="1" name="waysToPostRequest.CreateAResourseUsingPojo" time="13.581" errors="0" timestamp="2022-02-10T14:44:10 IST" skipped="0">
  <testcase classname="waysToPostRequest.CreateAResourseUsingPojo" name="create" time="13.581"/>
  <system-out/>
</testsuite> <!-- waysToPostRequest.CreateAResourseUsingPojo -->
