<?xml version="1.0" encoding="UTF-8"?>
<!-- Generated by org.testng.reporters.JUnitReportReporter -->
<testsuite hostname="DESKTOP-IQA8B31" failures="0" tests="1" name="com.paramaters.QueryParameter" time="4.086" errors="0" timestamp="2022-02-11T13:24:48 IST" skipped="0">
  <testcase classname="com.paramaters.QueryParameter" name="queryperameter" time="4.086"/>
  <system-out/>
</testsuite> <!-- com.paramaters.QueryParameter -->
