<?xml version="1.0" encoding="UTF-8"?>
<!-- Generated by org.testng.reporters.JUnitReportReporter -->
<testsuite hostname="DESKTOP-IQA8B31" failures="0" tests="1" name="Assignment.GetAllProjects" time="3.460" errors="0" timestamp="2022-02-10T22:51:27 IST" skipped="0">
  <testcase classname="Assignment.GetAllProjects" name="getallresourse" time="3.460"/>
  <system-out/>
</testsuite> <!-- Assignment.GetAllProjects -->
