<?xml version="1.0" encoding="UTF-8"?>
<!-- Generated by org.testng.reporters.JUnitReportReporter -->
<testsuite hostname="DESKTOP-IQA8B31" failures="0" tests="1" name="Responseverification.StaticResponseValidation" time="5.753" errors="0" timestamp="2022-02-11T06:45:24 IST" skipped="0">
  <testcase classname="Responseverification.StaticResponseValidation" name="verify" time="5.753"/>
  <system-out/>
</testsuite> <!-- Responseverification.StaticResponseValidation -->
