<?xml version="1.0" encoding="UTF-8"?>
<!-- Generated by org.testng.reporters.JUnitReportReporter -->
<testsuite hostname="DESKTOP-IQA8B31" failures="0" tests="2" name="Responseverification.DataproviderTest" time="6.634" errors="0" timestamp="2022-02-11T09:19:43 IST" skipped="0">
  <testcase classname="Responseverification.DataproviderTest" name="create" time="0.114"/>
  <system-out/>
  <testcase classname="Responseverification.DataproviderTest" name="create" time="6.520"/>
  <system-out/>
</testsuite> <!-- Responseverification.DataproviderTest -->
