<?xml version="1.0" encoding="UTF-8"?>
<!-- Generated by org.testng.reporters.JUnitReportReporter -->
<testsuite hostname="DESKTOP-IQA8B31" failures="0" tests="1" name="Assignment.CreateAndGetUser" time="5.720" errors="0" timestamp="2022-02-11T19:15:34 IST" skipped="0">
  <testcase classname="Assignment.CreateAndGetUser" name="createandgetuser" time="5.720"/>
  <system-out/>
</testsuite> <!-- Assignment.CreateAndGetUser -->
