<?xml version="1.0" encoding="UTF-8"?>
<!-- Generated by org.testng.reporters.JUnitReportReporter -->
<testsuite hostname="DESKTOP-IQA8B31" failures="0" tests="1" name="waysToPostRequest.CreateAResourceUsingJsonObjectTest" time="8.061" errors="0" timestamp="2022-02-11T07:16:11 IST" skipped="0">
  <testcase classname="waysToPostRequest.CreateAResourceUsingJsonObjectTest" name="create" time="8.061"/>
  <system-out/>
</testsuite> <!-- waysToPostRequest.CreateAResourceUsingJsonObjectTest -->
