<?xml version="1.0" encoding="UTF-8"?>
<!-- Generated by org.testng.reporters.JUnitReportReporter -->
<testsuite hostname="DESKTOP-IQA8B31" failures="0" tests="1" name="Assignment.ModifyProjectName" time="10.376" errors="0" timestamp="2022-02-11T17:14:15 IST" skipped="0">
  <testcase classname="Assignment.ModifyProjectName" name="update" time="10.376"/>
  <system-out/>
</testsuite> <!-- Assignment.ModifyProjectName -->
