<?xml version="1.0" encoding="UTF-8"?>
<!-- Generated by org.testng.reporters.JUnitReportReporter -->
<testsuite hostname="DESKTOP-IQA8B31" failures="0" tests="1" name="com.authentication.BearerTockenTest" time="5.406" errors="0" timestamp="2022-02-11T16:26:17 IST" skipped="0">
  <testcase classname="com.authentication.BearerTockenTest" name="bearertoken" time="5.406"/>
  <system-out/>
</testsuite> <!-- com.authentication.BearerTockenTest -->
