<?xml version="1.0" encoding="UTF-8"?>
<!-- Generated by org.testng.reporters.JUnitReportReporter -->
<testsuite hostname="DESKTOP-IQA8B31" failures="0" tests="1" name="com.requestChaining.RequestChainingTest" time="18.560" errors="0" timestamp="2022-02-11T12:40:03 IST" skipped="0">
  <testcase classname="com.requestChaining.RequestChainingTest" name="requestChaining" time="18.560"/>
  <system-out/>
</testsuite> <!-- com.requestChaining.RequestChainingTest -->
