<?xml version="1.0" encoding="UTF-8"?>
<!-- Generated by org.testng.reporters.JUnitReportReporter -->
<testsuite hostname="DESKTOP-IQA8B31" failures="0" tests="1" name="com.paramatersTest" time="4.168" errors="0" timestamp="2022-02-11T13:10:50 IST" skipped="0">
  <testcase classname="com.paramatersTest" name="paramaterstest" time="4.168"/>
  <system-out/>
</testsuite> <!-- com.paramatersTest -->
