<?xml version="1.0" encoding="UTF-8"?>
<!-- Generated by org.testng.reporters.JUnitReportReporter -->
<testsuite hostname="DESKTOP-IQA8B31" failures="0" tests="1" name="practiceCRUDwithBDD.Create_Project_And_Allocate_USER" time="13.688" errors="0" timestamp="2022-02-10T19:57:15 IST" skipped="0">
  <testcase classname="practiceCRUDwithBDD.Create_Project_And_Allocate_USER" name="createProject" time="13.688"/>
  <system-out/>
</testsuite> <!-- practiceCRUDwithBDD.Create_Project_And_Allocate_USER -->
