<?xml version="1.0" encoding="UTF-8"?>
<!-- Generated by org.testng.reporters.JUnitReportReporter -->
<testsuite hostname="DESKTOP-IQA8B31" failures="0" tests="1" name="practiceCRUDwithBDD.DeleteResourceTest" time="3.870" errors="0" timestamp="2022-02-10T12:32:09 IST" skipped="0">
  <testcase classname="practiceCRUDwithBDD.DeleteResourceTest" name="deleteresource" time="3.870"/>
  <system-out/>
</testsuite> <!-- practiceCRUDwithBDD.DeleteResourceTest -->
