<?xml version="1.0" encoding="UTF-8"?>
<!-- Generated by org.testng.reporters.JUnitReportReporter -->
<testsuite hostname="DESKTOP-IQA8B31" failures="0" tests="1" name="waysToPostRequest.CreateAResourceUsingJsonFile" time="5.125" errors="0" timestamp="2022-02-10T15:05:58 IST" skipped="0">
  <testcase classname="waysToPostRequest.CreateAResourceUsingJsonFile" name="create" time="5.125"/>
  <system-out/>
</testsuite> <!-- waysToPostRequest.CreateAResourceUsingJsonFile -->
