<?xml version="1.0" encoding="UTF-8"?>
<!-- Generated by org.testng.reporters.JUnitReportReporter -->
<testsuite hostname="DESKTOP-IQA8B31" failures="0" tests="1" name="Assignment.GetAlltheProjectsIDAndValidateWRTDataBase" time="4.036" errors="0" timestamp="2022-02-10T22:59:33 IST" skipped="0">
  <testcase classname="Assignment.GetAlltheProjectsIDAndValidateWRTDataBase" name="getallprojectid" time="4.036"/>
  <system-out/>
</testsuite> <!-- Assignment.GetAlltheProjectsIDAndValidateWRTDataBase -->
