<?xml version="1.0" encoding="UTF-8"?>
<!-- Generated by org.testng.reporters.JUnitReportReporter -->
<testsuite hostname="DESKTOP-IQA8B31" failures="0" tests="1" name="com.authentication.AuthenticationsTest" time="3.765" errors="0" timestamp="2022-02-11T16:32:19 IST" skipped="0">
  <testcase classname="com.authentication.AuthenticationsTest" name="preemptiveAuth" time="3.765"/>
  <system-out/>
</testsuite> <!-- com.authentication.AuthenticationsTest -->
