<?xml version="1.0" encoding="UTF-8"?>
<!-- Generated by org.testng.reporters.JUnitReportReporter -->
<testsuite hostname="DESKTOP-IQA8B31" failures="0" tests="1" name="com.requestChaining.ReqChainingPostDelete" time="5.504" errors="0" timestamp="2022-02-11T17:23:49 IST" skipped="0">
  <testcase classname="com.requestChaining.ReqChainingPostDelete" name="postAndDeleteRequestingChaining" time="5.504"/>
  <system-out/>
</testsuite> <!-- com.requestChaining.ReqChainingPostDelete -->
