<?xml version="1.0" encoding="UTF-8"?>
<!-- Generated by org.testng.reporters.JUnitReportReporter -->
<testsuite hostname="DESKTOP-IQA8B31" failures="0" tests="1" name="Assignment.Create_Project_And_Allocate_USER" time="6.268" errors="0" timestamp="2022-02-11T18:52:39 IST" skipped="0">
  <testcase classname="Assignment.Create_Project_And_Allocate_USER" name="createProject" time="6.268"/>
  <system-out/>
</testsuite> <!-- Assignment.Create_Project_And_Allocate_USER -->
